2017-11-17 12:06:32 [scrapy.utils.log] INFO: Scrapy 1.4.0 started (bot: doubantop)
2017-11-17 12:06:32 [scrapy.utils.log] INFO: Overridden settings: {'NEWSPIDER_MODULE': 'doubantop.spiders', 'SPIDER_MODULES': ['doubantop.spiders'], 'LOG_FILE': 'DOUBAN.LOG', 'USER_AGENT': ['Mozilla/5.0 (Macintosh; U; Intel Mac OS X 10_6_8; en-us) AppleWebKit/534.50 (KHTML, like Gecko) Version/5.1 Safari/534.50', 'Mozilla/5.0 (Windows; U; Windows NT 6.1; en-us) AppleWebKit/534.50 (KHTML, like Gecko) Version/5.1 Safari/534.50', 'Mozilla/5.0 (compatible; MSIE 9.0; Windows NT 6.1; Trident/5.0;', 'Mozilla/5.0 (Windows NT 6.1; WOW64) AppleWebKit/537.36 (KHTML, like Gecko) Chrome/62.0.3202.62 Safari/537.36'], 'BOT_NAME': 'doubantop'}
2017-11-17 12:06:32 [scrapy.middleware] INFO: Enabled extensions:
['scrapy.extensions.logstats.LogStats',
 'scrapy.extensions.telnet.TelnetConsole',
 'scrapy.extensions.corestats.CoreStats']
2017-11-17 12:06:33 [scrapy.middleware] INFO: Enabled downloader middlewares:
['doubantop.middlewares.RandomUserAgent',
 'doubantop.middlewares.RandomProxy',
 'scrapy.downloadermiddlewares.httpauth.HttpAuthMiddleware',
 'scrapy.downloadermiddlewares.downloadtimeout.DownloadTimeoutMiddleware',
 'scrapy.downloadermiddlewares.defaultheaders.DefaultHeadersMiddleware',
 'scrapy.downloadermiddlewares.useragent.UserAgentMiddleware',
 'scrapy.downloadermiddlewares.retry.RetryMiddleware',
 'scrapy.downloadermiddlewares.redirect.MetaRefreshMiddleware',
 'scrapy.downloadermiddlewares.httpcompression.HttpCompressionMiddleware',
 'scrapy.downloadermiddlewares.redirect.RedirectMiddleware',
 'scrapy.downloadermiddlewares.cookies.CookiesMiddleware',
 'scrapy.downloadermiddlewares.httpproxy.HttpProxyMiddleware',
 'scrapy.downloadermiddlewares.stats.DownloaderStats']
2017-11-17 12:06:33 [scrapy.middleware] INFO: Enabled spider middlewares:
['scrapy.spidermiddlewares.httperror.HttpErrorMiddleware',
 'scrapy.spidermiddlewares.offsite.OffsiteMiddleware',
 'scrapy.spidermiddlewares.referer.RefererMiddleware',
 'scrapy.spidermiddlewares.urllength.UrlLengthMiddleware',
 'scrapy.spidermiddlewares.depth.DepthMiddleware']
2017-11-17 12:06:33 [scrapy.middleware] INFO: Enabled item pipelines:
['doubantop.pipelines.DoubantopPipeline']
2017-11-17 12:06:33 [scrapy.core.engine] INFO: Spider opened
2017-11-17 12:06:33 [scrapy.extensions.logstats] INFO: Crawled 0 pages (at 0 pages/min), scraped 0 items (at 0 items/min)
2017-11-17 12:06:33 [scrapy.extensions.telnet] DEBUG: Telnet console listening on 127.0.0.1:6023
2017-11-17 12:06:33 [scrapy.downloadermiddlewares.redirect] DEBUG: Redirecting (301) to <GET https://movie.douban.com/top250?start=0> from <GET http://movie.douban.com/top250?start=0>
2017-11-17 12:06:33 [scrapy.core.engine] DEBUG: Crawled (200) <GET https://movie.douban.com/top250?start=0> (referer: None)
2017-11-17 12:06:33 [scrapy.core.engine] INFO: Closing spider (finished)
2017-11-17 12:06:33 [scrapy.statscollectors] INFO: Dumping Scrapy stats:
{'downloader/request_bytes': 606,
 'downloader/request_count': 2,
 'downloader/request_method_count/GET': 2,
 'downloader/response_bytes': 13306,
 'downloader/response_count': 2,
 'downloader/response_status_count/200': 1,
 'downloader/response_status_count/301': 1,
 'finish_reason': 'finished',
 'finish_time': datetime.datetime(2017, 11, 17, 4, 6, 33, 849000),
 'log_count/DEBUG': 3,
 'log_count/INFO': 7,
 'response_received_count': 1,
 'scheduler/dequeued': 2,
 'scheduler/dequeued/memory': 2,
 'scheduler/enqueued': 2,
 'scheduler/enqueued/memory': 2,
 'start_time': datetime.datetime(2017, 11, 17, 4, 6, 33, 443000)}
2017-11-17 12:06:33 [scrapy.core.engine] INFO: Spider closed (finished)
2017-11-17 12:07:09 [scrapy.utils.log] INFO: Scrapy 1.4.0 started (bot: doubantop)
2017-11-17 12:07:09 [scrapy.utils.log] INFO: Overridden settings: {'NEWSPIDER_MODULE': 'doubantop.spiders', 'SPIDER_MODULES': ['doubantop.spiders'], 'LOG_FILE': 'DOUBAN.LOG', 'USER_AGENT': ['Mozilla/5.0 (Macintosh; U; Intel Mac OS X 10_6_8; en-us) AppleWebKit/534.50 (KHTML, like Gecko) Version/5.1 Safari/534.50', 'Mozilla/5.0 (Windows; U; Windows NT 6.1; en-us) AppleWebKit/534.50 (KHTML, like Gecko) Version/5.1 Safari/534.50', 'Mozilla/5.0 (compatible; MSIE 9.0; Windows NT 6.1; Trident/5.0;', 'Mozilla/5.0 (Windows NT 6.1; WOW64) AppleWebKit/537.36 (KHTML, like Gecko) Chrome/62.0.3202.62 Safari/537.36'], 'BOT_NAME': 'doubantop'}
2017-11-17 12:07:09 [scrapy.middleware] INFO: Enabled extensions:
['scrapy.extensions.logstats.LogStats',
 'scrapy.extensions.telnet.TelnetConsole',
 'scrapy.extensions.corestats.CoreStats']
2017-11-17 12:07:09 [scrapy.middleware] INFO: Enabled downloader middlewares:
['doubantop.middlewares.RandomUserAgent',
 'doubantop.middlewares.RandomProxy',
 'scrapy.downloadermiddlewares.httpauth.HttpAuthMiddleware',
 'scrapy.downloadermiddlewares.downloadtimeout.DownloadTimeoutMiddleware',
 'scrapy.downloadermiddlewares.defaultheaders.DefaultHeadersMiddleware',
 'scrapy.downloadermiddlewares.useragent.UserAgentMiddleware',
 'scrapy.downloadermiddlewares.retry.RetryMiddleware',
 'scrapy.downloadermiddlewares.redirect.MetaRefreshMiddleware',
 'scrapy.downloadermiddlewares.httpcompression.HttpCompressionMiddleware',
 'scrapy.downloadermiddlewares.redirect.RedirectMiddleware',
 'scrapy.downloadermiddlewares.cookies.CookiesMiddleware',
 'scrapy.downloadermiddlewares.httpproxy.HttpProxyMiddleware',
 'scrapy.downloadermiddlewares.stats.DownloaderStats']
2017-11-17 12:07:09 [scrapy.middleware] INFO: Enabled spider middlewares:
['scrapy.spidermiddlewares.httperror.HttpErrorMiddleware',
 'scrapy.spidermiddlewares.offsite.OffsiteMiddleware',
 'scrapy.spidermiddlewares.referer.RefererMiddleware',
 'scrapy.spidermiddlewares.urllength.UrlLengthMiddleware',
 'scrapy.spidermiddlewares.depth.DepthMiddleware']
2017-11-17 12:07:09 [scrapy.middleware] INFO: Enabled item pipelines:
['doubantop.pipelines.DoubantopPipeline']
2017-11-17 12:07:09 [scrapy.core.engine] INFO: Spider opened
2017-11-17 12:07:09 [scrapy.extensions.logstats] INFO: Crawled 0 pages (at 0 pages/min), scraped 0 items (at 0 items/min)
2017-11-17 12:07:09 [scrapy.extensions.telnet] DEBUG: Telnet console listening on 127.0.0.1:6023
2017-11-17 12:07:09 [scrapy.downloadermiddlewares.redirect] DEBUG: Redirecting (301) to <GET https://movie.douban.com/top250?start=0> from <GET http://movie.douban.com/top250?start=0>
2017-11-17 12:07:10 [scrapy.core.engine] DEBUG: Crawled (200) <GET https://movie.douban.com/top250?start=0> (referer: None)
2017-11-17 12:07:10 [scrapy.core.engine] INFO: Closing spider (finished)
2017-11-17 12:07:10 [scrapy.statscollectors] INFO: Dumping Scrapy stats:
{'downloader/request_bytes': 516,
 'downloader/request_count': 2,
 'downloader/request_method_count/GET': 2,
 'downloader/response_bytes': 13355,
 'downloader/response_count': 2,
 'downloader/response_status_count/200': 1,
 'downloader/response_status_count/301': 1,
 'finish_reason': 'finished',
 'finish_time': datetime.datetime(2017, 11, 17, 4, 7, 10, 273000),
 'log_count/DEBUG': 3,
 'log_count/INFO': 7,
 'response_received_count': 1,
 'scheduler/dequeued': 2,
 'scheduler/dequeued/memory': 2,
 'scheduler/enqueued': 2,
 'scheduler/enqueued/memory': 2,
 'start_time': datetime.datetime(2017, 11, 17, 4, 7, 9, 836000)}
2017-11-17 12:07:10 [scrapy.core.engine] INFO: Spider closed (finished)
2017-11-17 12:07:29 [scrapy.utils.log] INFO: Scrapy 1.4.0 started (bot: doubantop)
2017-11-17 12:07:29 [scrapy.utils.log] INFO: Overridden settings: {'NEWSPIDER_MODULE': 'doubantop.spiders', 'SPIDER_MODULES': ['doubantop.spiders'], 'LOG_FILE': 'DOUBAN.LOG', 'USER_AGENT': ['Mozilla/5.0 (Macintosh; U; Intel Mac OS X 10_6_8; en-us) AppleWebKit/534.50 (KHTML, like Gecko) Version/5.1 Safari/534.50', 'Mozilla/5.0 (Windows; U; Windows NT 6.1; en-us) AppleWebKit/534.50 (KHTML, like Gecko) Version/5.1 Safari/534.50', 'Mozilla/5.0 (compatible; MSIE 9.0; Windows NT 6.1; Trident/5.0;', 'Mozilla/5.0 (Windows NT 6.1; WOW64) AppleWebKit/537.36 (KHTML, like Gecko) Chrome/62.0.3202.62 Safari/537.36'], 'BOT_NAME': 'doubantop'}
2017-11-17 12:07:29 [scrapy.middleware] INFO: Enabled extensions:
['scrapy.extensions.logstats.LogStats',
 'scrapy.extensions.telnet.TelnetConsole',
 'scrapy.extensions.corestats.CoreStats']
2017-11-17 12:07:30 [scrapy.middleware] INFO: Enabled downloader middlewares:
['doubantop.middlewares.RandomUserAgent',
 'doubantop.middlewares.RandomProxy',
 'scrapy.downloadermiddlewares.httpauth.HttpAuthMiddleware',
 'scrapy.downloadermiddlewares.downloadtimeout.DownloadTimeoutMiddleware',
 'scrapy.downloadermiddlewares.defaultheaders.DefaultHeadersMiddleware',
 'scrapy.downloadermiddlewares.useragent.UserAgentMiddleware',
 'scrapy.downloadermiddlewares.retry.RetryMiddleware',
 'scrapy.downloadermiddlewares.redirect.MetaRefreshMiddleware',
 'scrapy.downloadermiddlewares.httpcompression.HttpCompressionMiddleware',
 'scrapy.downloadermiddlewares.redirect.RedirectMiddleware',
 'scrapy.downloadermiddlewares.cookies.CookiesMiddleware',
 'scrapy.downloadermiddlewares.httpproxy.HttpProxyMiddleware',
 'scrapy.downloadermiddlewares.stats.DownloaderStats']
2017-11-17 12:07:30 [scrapy.middleware] INFO: Enabled spider middlewares:
['scrapy.spidermiddlewares.httperror.HttpErrorMiddleware',
 'scrapy.spidermiddlewares.offsite.OffsiteMiddleware',
 'scrapy.spidermiddlewares.referer.RefererMiddleware',
 'scrapy.spidermiddlewares.urllength.UrlLengthMiddleware',
 'scrapy.spidermiddlewares.depth.DepthMiddleware']
2017-11-17 12:07:30 [scrapy.middleware] INFO: Enabled item pipelines:
['doubantop.pipelines.DoubantopPipeline']
2017-11-17 12:07:30 [scrapy.core.engine] INFO: Spider opened
2017-11-17 12:07:30 [scrapy.extensions.logstats] INFO: Crawled 0 pages (at 0 pages/min), scraped 0 items (at 0 items/min)
2017-11-17 12:07:30 [scrapy.extensions.telnet] DEBUG: Telnet console listening on 127.0.0.1:6023
2017-11-17 12:07:30 [scrapy.core.scraper] ERROR: Error downloading <GET http://movie.douban.com/top250?start=0>
Traceback (most recent call last):
  File "C:\Users\Administrator\AppData\Roaming\Python\Python27\site-packages\twisted\internet\defer.py", line 1386, in _inlineCallbacks
    result = g.send(result)
  File "C:\Users\Administrator\AppData\Roaming\Python\Python27\site-packages\scrapy\core\downloader\middleware.py", line 37, in process_request
    response = yield method(request=request, spider=spider)
  File "doubantop\middlewares.py", line 15, in process_request
    if proxy['user_passwd'] is None:
KeyError: 'user_passwd'
2017-11-17 12:07:30 [scrapy.core.engine] INFO: Closing spider (finished)
2017-11-17 12:07:30 [scrapy.statscollectors] INFO: Dumping Scrapy stats:
{'downloader/exception_count': 1,
 'downloader/exception_type_count/exceptions.KeyError': 1,
 'finish_reason': 'finished',
 'finish_time': datetime.datetime(2017, 11, 17, 4, 7, 30, 566000),
 'log_count/DEBUG': 1,
 'log_count/ERROR': 1,
 'log_count/INFO': 7,
 'scheduler/dequeued': 1,
 'scheduler/dequeued/memory': 1,
 'scheduler/enqueued': 1,
 'scheduler/enqueued/memory': 1,
 'start_time': datetime.datetime(2017, 11, 17, 4, 7, 30, 351000)}
2017-11-17 12:07:30 [scrapy.core.engine] INFO: Spider closed (finished)
2017-11-17 12:07:45 [scrapy.utils.log] INFO: Scrapy 1.4.0 started (bot: doubantop)
2017-11-17 12:07:45 [scrapy.utils.log] INFO: Overridden settings: {'NEWSPIDER_MODULE': 'doubantop.spiders', 'SPIDER_MODULES': ['doubantop.spiders'], 'LOG_FILE': 'DOUBAN.LOG', 'USER_AGENT': ['Mozilla/5.0 (Macintosh; U; Intel Mac OS X 10_6_8; en-us) AppleWebKit/534.50 (KHTML, like Gecko) Version/5.1 Safari/534.50', 'Mozilla/5.0 (Windows; U; Windows NT 6.1; en-us) AppleWebKit/534.50 (KHTML, like Gecko) Version/5.1 Safari/534.50', 'Mozilla/5.0 (compatible; MSIE 9.0; Windows NT 6.1; Trident/5.0;', 'Mozilla/5.0 (Windows NT 6.1; WOW64) AppleWebKit/537.36 (KHTML, like Gecko) Chrome/62.0.3202.62 Safari/537.36'], 'BOT_NAME': 'doubantop'}
2017-11-17 12:07:45 [scrapy.middleware] INFO: Enabled extensions:
['scrapy.extensions.logstats.LogStats',
 'scrapy.extensions.telnet.TelnetConsole',
 'scrapy.extensions.corestats.CoreStats']
2017-11-17 12:07:45 [scrapy.middleware] INFO: Enabled downloader middlewares:
['doubantop.middlewares.RandomUserAgent',
 'doubantop.middlewares.RandomProxy',
 'scrapy.downloadermiddlewares.httpauth.HttpAuthMiddleware',
 'scrapy.downloadermiddlewares.downloadtimeout.DownloadTimeoutMiddleware',
 'scrapy.downloadermiddlewares.defaultheaders.DefaultHeadersMiddleware',
 'scrapy.downloadermiddlewares.useragent.UserAgentMiddleware',
 'scrapy.downloadermiddlewares.retry.RetryMiddleware',
 'scrapy.downloadermiddlewares.redirect.MetaRefreshMiddleware',
 'scrapy.downloadermiddlewares.httpcompression.HttpCompressionMiddleware',
 'scrapy.downloadermiddlewares.redirect.RedirectMiddleware',
 'scrapy.downloadermiddlewares.cookies.CookiesMiddleware',
 'scrapy.downloadermiddlewares.httpproxy.HttpProxyMiddleware',
 'scrapy.downloadermiddlewares.stats.DownloaderStats']
2017-11-17 12:07:45 [scrapy.middleware] INFO: Enabled spider middlewares:
['scrapy.spidermiddlewares.httperror.HttpErrorMiddleware',
 'scrapy.spidermiddlewares.offsite.OffsiteMiddleware',
 'scrapy.spidermiddlewares.referer.RefererMiddleware',
 'scrapy.spidermiddlewares.urllength.UrlLengthMiddleware',
 'scrapy.spidermiddlewares.depth.DepthMiddleware']
2017-11-17 12:07:45 [scrapy.middleware] INFO: Enabled item pipelines:
['doubantop.pipelines.DoubantopPipeline']
2017-11-17 12:07:45 [scrapy.core.engine] INFO: Spider opened
2017-11-17 12:07:46 [scrapy.extensions.logstats] INFO: Crawled 0 pages (at 0 pages/min), scraped 0 items (at 0 items/min)
2017-11-17 12:07:46 [scrapy.extensions.telnet] DEBUG: Telnet console listening on 127.0.0.1:6023
2017-11-17 12:07:46 [scrapy.core.scraper] ERROR: Error downloading <GET http://movie.douban.com/top250?start=0>
Traceback (most recent call last):
  File "C:\Users\Administrator\AppData\Roaming\Python\Python27\site-packages\twisted\internet\defer.py", line 1386, in _inlineCallbacks
    result = g.send(result)
  File "C:\Users\Administrator\AppData\Roaming\Python\Python27\site-packages\scrapy\core\downloader\middleware.py", line 37, in process_request
    response = yield method(request=request, spider=spider)
  File "doubantop\middlewares.py", line 15, in process_request
    if proxy['user_passwd'] is None:
KeyError: 'user_passwd'
2017-11-17 12:07:46 [scrapy.core.engine] INFO: Closing spider (finished)
2017-11-17 12:07:46 [scrapy.statscollectors] INFO: Dumping Scrapy stats:
{'downloader/exception_count': 1,
 'downloader/exception_type_count/exceptions.KeyError': 1,
 'finish_reason': 'finished',
 'finish_time': datetime.datetime(2017, 11, 17, 4, 7, 46, 218000),
 'log_count/DEBUG': 1,
 'log_count/ERROR': 1,
 'log_count/INFO': 7,
 'scheduler/dequeued': 1,
 'scheduler/dequeued/memory': 1,
 'scheduler/enqueued': 1,
 'scheduler/enqueued/memory': 1,
 'start_time': datetime.datetime(2017, 11, 17, 4, 7, 46, 5000)}
2017-11-17 12:07:46 [scrapy.core.engine] INFO: Spider closed (finished)
2017-11-17 12:08:59 [scrapy.utils.log] INFO: Scrapy 1.4.0 started (bot: doubantop)
2017-11-17 12:08:59 [scrapy.utils.log] INFO: Overridden settings: {'NEWSPIDER_MODULE': 'doubantop.spiders', 'SPIDER_MODULES': ['doubantop.spiders'], 'LOG_FILE': 'DOUBAN.LOG', 'USER_AGENT': ['Mozilla/5.0 (Macintosh; U; Intel Mac OS X 10_6_8; en-us) AppleWebKit/534.50 (KHTML, like Gecko) Version/5.1 Safari/534.50', 'Mozilla/5.0 (Windows; U; Windows NT 6.1; en-us) AppleWebKit/534.50 (KHTML, like Gecko) Version/5.1 Safari/534.50', 'Mozilla/5.0 (compatible; MSIE 9.0; Windows NT 6.1; Trident/5.0;', 'Mozilla/5.0 (Windows NT 6.1; WOW64) AppleWebKit/537.36 (KHTML, like Gecko) Chrome/62.0.3202.62 Safari/537.36'], 'BOT_NAME': 'doubantop'}
2017-11-17 12:09:00 [scrapy.middleware] INFO: Enabled extensions:
['scrapy.extensions.logstats.LogStats',
 'scrapy.extensions.telnet.TelnetConsole',
 'scrapy.extensions.corestats.CoreStats']
2017-11-17 12:09:00 [scrapy.middleware] INFO: Enabled downloader middlewares:
['doubantop.middlewares.RandomUserAgent',
 'doubantop.middlewares.RandomProxy',
 'scrapy.downloadermiddlewares.httpauth.HttpAuthMiddleware',
 'scrapy.downloadermiddlewares.downloadtimeout.DownloadTimeoutMiddleware',
 'scrapy.downloadermiddlewares.defaultheaders.DefaultHeadersMiddleware',
 'scrapy.downloadermiddlewares.useragent.UserAgentMiddleware',
 'scrapy.downloadermiddlewares.retry.RetryMiddleware',
 'scrapy.downloadermiddlewares.redirect.MetaRefreshMiddleware',
 'scrapy.downloadermiddlewares.httpcompression.HttpCompressionMiddleware',
 'scrapy.downloadermiddlewares.redirect.RedirectMiddleware',
 'scrapy.downloadermiddlewares.cookies.CookiesMiddleware',
 'scrapy.downloadermiddlewares.httpproxy.HttpProxyMiddleware',
 'scrapy.downloadermiddlewares.stats.DownloaderStats']
2017-11-17 12:09:00 [scrapy.middleware] INFO: Enabled spider middlewares:
['scrapy.spidermiddlewares.httperror.HttpErrorMiddleware',
 'scrapy.spidermiddlewares.offsite.OffsiteMiddleware',
 'scrapy.spidermiddlewares.referer.RefererMiddleware',
 'scrapy.spidermiddlewares.urllength.UrlLengthMiddleware',
 'scrapy.spidermiddlewares.depth.DepthMiddleware']
2017-11-17 12:09:00 [scrapy.middleware] INFO: Enabled item pipelines:
['doubantop.pipelines.DoubantopPipeline']
2017-11-17 12:09:00 [scrapy.core.engine] INFO: Spider opened
2017-11-17 12:09:00 [scrapy.extensions.logstats] INFO: Crawled 0 pages (at 0 pages/min), scraped 0 items (at 0 items/min)
2017-11-17 12:09:00 [scrapy.extensions.telnet] DEBUG: Telnet console listening on 127.0.0.1:6023
2017-11-17 12:09:00 [scrapy.core.scraper] ERROR: Error downloading <GET http://movie.douban.com/top250?start=0>
Traceback (most recent call last):
  File "C:\Users\Administrator\AppData\Roaming\Python\Python27\site-packages\twisted\internet\defer.py", line 1386, in _inlineCallbacks
    result = g.send(result)
  File "C:\Users\Administrator\AppData\Roaming\Python\Python27\site-packages\scrapy\core\downloader\middleware.py", line 37, in process_request
    response = yield method(request=request, spider=spider)
  File "doubantop\middlewares.py", line 15, in process_request
    if proxy['user_passwd'] is None:
KeyError: 'user_passwd'
2017-11-17 12:09:00 [scrapy.core.engine] INFO: Closing spider (finished)
2017-11-17 12:09:00 [scrapy.statscollectors] INFO: Dumping Scrapy stats:
{'downloader/exception_count': 1,
 'downloader/exception_type_count/exceptions.KeyError': 1,
 'finish_reason': 'finished',
 'finish_time': datetime.datetime(2017, 11, 17, 4, 9, 0, 884000),
 'log_count/DEBUG': 1,
 'log_count/ERROR': 1,
 'log_count/INFO': 7,
 'scheduler/dequeued': 1,
 'scheduler/dequeued/memory': 1,
 'scheduler/enqueued': 1,
 'scheduler/enqueued/memory': 1,
 'start_time': datetime.datetime(2017, 11, 17, 4, 9, 0, 669000)}
2017-11-17 12:09:00 [scrapy.core.engine] INFO: Spider closed (finished)
2017-11-17 12:17:07 [scrapy.utils.log] INFO: Scrapy 1.4.0 started (bot: doubantop)
2017-11-17 12:17:07 [scrapy.utils.log] INFO: Overridden settings: {'NEWSPIDER_MODULE': 'doubantop.spiders', 'SPIDER_MODULES': ['doubantop.spiders'], 'LOG_FILE': 'DOUBAN.LOG', 'USER_AGENT': ['Mozilla/5.0 (Macintosh; U; Intel Mac OS X 10_6_8; en-us) AppleWebKit/534.50 (KHTML, like Gecko) Version/5.1 Safari/534.50', 'Mozilla/5.0 (Windows; U; Windows NT 6.1; en-us) AppleWebKit/534.50 (KHTML, like Gecko) Version/5.1 Safari/534.50', 'Mozilla/5.0 (compatible; MSIE 9.0; Windows NT 6.1; Trident/5.0;', 'Mozilla/5.0 (Windows NT 6.1; WOW64) AppleWebKit/537.36 (KHTML, like Gecko) Chrome/62.0.3202.62 Safari/537.36'], 'BOT_NAME': 'doubantop'}
2017-11-17 12:17:07 [scrapy.middleware] INFO: Enabled extensions:
['scrapy.extensions.logstats.LogStats',
 'scrapy.extensions.telnet.TelnetConsole',
 'scrapy.extensions.corestats.CoreStats']
2017-11-17 12:17:08 [scrapy.middleware] INFO: Enabled downloader middlewares:
['doubantop.middlewares.RandomUserAgent',
 'doubantop.middlewares.RandomProxy',
 'scrapy.downloadermiddlewares.httpauth.HttpAuthMiddleware',
 'scrapy.downloadermiddlewares.downloadtimeout.DownloadTimeoutMiddleware',
 'scrapy.downloadermiddlewares.defaultheaders.DefaultHeadersMiddleware',
 'scrapy.downloadermiddlewares.useragent.UserAgentMiddleware',
 'scrapy.downloadermiddlewares.retry.RetryMiddleware',
 'scrapy.downloadermiddlewares.redirect.MetaRefreshMiddleware',
 'scrapy.downloadermiddlewares.httpcompression.HttpCompressionMiddleware',
 'scrapy.downloadermiddlewares.redirect.RedirectMiddleware',
 'scrapy.downloadermiddlewares.cookies.CookiesMiddleware',
 'scrapy.downloadermiddlewares.httpproxy.HttpProxyMiddleware',
 'scrapy.downloadermiddlewares.stats.DownloaderStats']
2017-11-17 12:17:08 [scrapy.middleware] INFO: Enabled spider middlewares:
['scrapy.spidermiddlewares.httperror.HttpErrorMiddleware',
 'scrapy.spidermiddlewares.offsite.OffsiteMiddleware',
 'scrapy.spidermiddlewares.referer.RefererMiddleware',
 'scrapy.spidermiddlewares.urllength.UrlLengthMiddleware',
 'scrapy.spidermiddlewares.depth.DepthMiddleware']
2017-11-17 12:17:08 [scrapy.middleware] INFO: Enabled item pipelines:
['doubantop.pipelines.DoubantopPipeline']
2017-11-17 12:17:08 [scrapy.core.engine] INFO: Spider opened
2017-11-17 12:17:08 [scrapy.extensions.logstats] INFO: Crawled 0 pages (at 0 pages/min), scraped 0 items (at 0 items/min)
2017-11-17 12:17:08 [scrapy.extensions.telnet] DEBUG: Telnet console listening on 127.0.0.1:6023
2017-11-17 12:17:08 [scrapy.core.scraper] ERROR: Error downloading <GET http://movie.douban.com/top250?start=0>
Traceback (most recent call last):
  File "C:\Users\Administrator\AppData\Roaming\Python\Python27\site-packages\twisted\internet\defer.py", line 1386, in _inlineCallbacks
    result = g.send(result)
  File "C:\Users\Administrator\AppData\Roaming\Python\Python27\site-packages\scrapy\core\downloader\middleware.py", line 37, in process_request
    response = yield method(request=request, spider=spider)
  File "doubantop\middlewares.py", line 15, in process_request
    print proxy
NameError: global name 'proxy' is not defined
2017-11-17 12:17:08 [scrapy.core.engine] INFO: Closing spider (finished)
2017-11-17 12:17:08 [scrapy.statscollectors] INFO: Dumping Scrapy stats:
{'downloader/exception_count': 1,
 'downloader/exception_type_count/exceptions.NameError': 1,
 'finish_reason': 'finished',
 'finish_time': datetime.datetime(2017, 11, 17, 4, 17, 8, 323000),
 'log_count/DEBUG': 1,
 'log_count/ERROR': 1,
 'log_count/INFO': 7,
 'scheduler/dequeued': 1,
 'scheduler/dequeued/memory': 1,
 'scheduler/enqueued': 1,
 'scheduler/enqueued/memory': 1,
 'start_time': datetime.datetime(2017, 11, 17, 4, 17, 8, 110000)}
2017-11-17 12:17:08 [scrapy.core.engine] INFO: Spider closed (finished)
2017-11-17 12:18:05 [scrapy.utils.log] INFO: Scrapy 1.4.0 started (bot: doubantop)
2017-11-17 12:18:05 [scrapy.utils.log] INFO: Overridden settings: {'NEWSPIDER_MODULE': 'doubantop.spiders', 'SPIDER_MODULES': ['doubantop.spiders'], 'LOG_FILE': 'DOUBAN.LOG', 'USER_AGENT': ['Mozilla/5.0 (Macintosh; U; Intel Mac OS X 10_6_8; en-us) AppleWebKit/534.50 (KHTML, like Gecko) Version/5.1 Safari/534.50', 'Mozilla/5.0 (Windows; U; Windows NT 6.1; en-us) AppleWebKit/534.50 (KHTML, like Gecko) Version/5.1 Safari/534.50', 'Mozilla/5.0 (compatible; MSIE 9.0; Windows NT 6.1; Trident/5.0;', 'Mozilla/5.0 (Windows NT 6.1; WOW64) AppleWebKit/537.36 (KHTML, like Gecko) Chrome/62.0.3202.62 Safari/537.36'], 'BOT_NAME': 'doubantop'}
2017-11-17 12:18:05 [scrapy.middleware] INFO: Enabled extensions:
['scrapy.extensions.logstats.LogStats',
 'scrapy.extensions.telnet.TelnetConsole',
 'scrapy.extensions.corestats.CoreStats']
2017-11-17 12:18:06 [scrapy.middleware] INFO: Enabled downloader middlewares:
['doubantop.middlewares.RandomUserAgent',
 'doubantop.middlewares.RandomProxy',
 'scrapy.downloadermiddlewares.httpauth.HttpAuthMiddleware',
 'scrapy.downloadermiddlewares.downloadtimeout.DownloadTimeoutMiddleware',
 'scrapy.downloadermiddlewares.defaultheaders.DefaultHeadersMiddleware',
 'scrapy.downloadermiddlewares.useragent.UserAgentMiddleware',
 'scrapy.downloadermiddlewares.retry.RetryMiddleware',
 'scrapy.downloadermiddlewares.redirect.MetaRefreshMiddleware',
 'scrapy.downloadermiddlewares.httpcompression.HttpCompressionMiddleware',
 'scrapy.downloadermiddlewares.redirect.RedirectMiddleware',
 'scrapy.downloadermiddlewares.cookies.CookiesMiddleware',
 'scrapy.downloadermiddlewares.httpproxy.HttpProxyMiddleware',
 'scrapy.downloadermiddlewares.stats.DownloaderStats']
2017-11-17 12:18:06 [scrapy.middleware] INFO: Enabled spider middlewares:
['scrapy.spidermiddlewares.httperror.HttpErrorMiddleware',
 'scrapy.spidermiddlewares.offsite.OffsiteMiddleware',
 'scrapy.spidermiddlewares.referer.RefererMiddleware',
 'scrapy.spidermiddlewares.urllength.UrlLengthMiddleware',
 'scrapy.spidermiddlewares.depth.DepthMiddleware']
2017-11-17 12:18:06 [scrapy.middleware] INFO: Enabled item pipelines:
['doubantop.pipelines.DoubantopPipeline']
2017-11-17 12:18:06 [scrapy.core.engine] INFO: Spider opened
2017-11-17 12:18:06 [scrapy.extensions.logstats] INFO: Crawled 0 pages (at 0 pages/min), scraped 0 items (at 0 items/min)
2017-11-17 12:18:06 [scrapy.extensions.telnet] DEBUG: Telnet console listening on 127.0.0.1:6023
2017-11-17 12:18:06 [scrapy.core.scraper] ERROR: Error downloading <GET http://movie.douban.com/top250?start=0>
Traceback (most recent call last):
  File "C:\Users\Administrator\AppData\Roaming\Python\Python27\site-packages\twisted\internet\defer.py", line 1386, in _inlineCallbacks
    result = g.send(result)
  File "C:\Users\Administrator\AppData\Roaming\Python\Python27\site-packages\scrapy\core\downloader\middleware.py", line 37, in process_request
    response = yield method(request=request, spider=spider)
  File "doubantop\middlewares.py", line 15, in process_request
    print proxy
NameError: global name 'proxy' is not defined
2017-11-17 12:18:06 [scrapy.core.engine] INFO: Closing spider (finished)
2017-11-17 12:18:06 [scrapy.statscollectors] INFO: Dumping Scrapy stats:
{'downloader/exception_count': 1,
 'downloader/exception_type_count/exceptions.NameError': 1,
 'finish_reason': 'finished',
 'finish_time': datetime.datetime(2017, 11, 17, 4, 18, 6, 407000),
 'log_count/DEBUG': 1,
 'log_count/ERROR': 1,
 'log_count/INFO': 7,
 'scheduler/dequeued': 1,
 'scheduler/dequeued/memory': 1,
 'scheduler/enqueued': 1,
 'scheduler/enqueued/memory': 1,
 'start_time': datetime.datetime(2017, 11, 17, 4, 18, 6, 195000)}
2017-11-17 12:18:06 [scrapy.core.engine] INFO: Spider closed (finished)
